2025-10-22 15:34:18 [OK] Conectado a Microsoft Teams correctamente.

2025-10-22 15:34:20 [OK] Aplicada politica Normal-UPM a marialuz.hernandez@upm.es

2025-10-22 15:34:22 [OK] Aplicada politica C3-Nacional-Móvil a marialuz.hernandez@upm.es

2025-10-22 15:34:22 [OK] Aplicada politica VoiceRoutingPolicy1 a marialuz.hernandez@upm.es

2025-10-22 15:34:23 [OK] Aplicada politica CP-1 a marialuz.hernandez@upm.es

2025-10-22 15:34:23 [OK] Aplicada politica Normal-UPM a eduardo.derosario@upm.es

2025-10-22 15:34:24 [OK] Aplicada politica C3-Nacional-Móvil a eduardo.derosario@upm.es

2025-10-22 15:34:25 [OK] Aplicada politica VoiceRoutingPolicy1 a eduardo.derosario@upm.es

2025-10-22 15:34:26 [OK] Aplicada politica CP-1 a eduardo.derosario@upm.es

2025-10-22 15:34:52 [OK] Conectado a Microsoft Teams correctamente.

2025-10-22 15:34:54 [OK] Aplicada politica Normal-UPM a marialuz.hernandez@upm.es

2025-10-22 15:34:55 [OK] Aplicada politica C3-Nacional-Móvil a marialuz.hernandez@upm.es

2025-10-22 15:34:57 [OK] Aplicada politica VoiceRoutingPolicy1 a marialuz.hernandez@upm.es

2025-10-22 15:34:57 [OK] Aplicada politica CP-1 a marialuz.hernandez@upm.es

2025-10-22 15:34:58 [OK] Aplicada politica Normal-UPM a eduardo.derosario@upm.es

2025-10-22 15:35:00 [OK] Aplicada politica C3-Nacional-Móvil a eduardo.derosario@upm.es

2025-10-22 15:35:01 [OK] Aplicada politica VoiceRoutingPolicy1 a eduardo.derosario@upm.es

2025-10-22 15:35:02 [OK] Aplicada politica CP-1 a eduardo.derosario@upm.es

2025-10-22 15:35:03 [OK] Aplicada politica Normal-UPM a isabel.gil.mancha@upm.es

2025-10-22 15:35:05 [OK] Aplicada politica C3-Nacional-Móvil a isabel.gil.mancha@upm.es

2025-10-22 15:35:06 [OK] Aplicada politica VoiceRoutingPolicy1 a isabel.gil.mancha@upm.es

2025-10-22 15:35:07 [OK] Aplicada politica CP-1 a isabel.gil.mancha@upm.es

2025-10-22 15:35:08 [OK] Aplicada politica Normal-UPM a victor.camacho@upm.es

2025-10-22 15:35:10 [OK] Aplicada politica C3-Nacional-Móvil a victor.camacho@upm.es

2025-10-22 15:35:11 [OK] Aplicada politica VoiceRoutingPolicy1 a victor.camacho@upm.es

2025-10-22 15:35:12 [OK] Aplicada politica CP-1 a victor.camacho@upm.es

2025-10-22 15:35:13 [OK] Aplicada politica Normal-UPM a blanca.fernandez@upm.es

2025-10-22 15:35:14 [OK] Aplicada politica C3-Nacional-Móvil a blanca.fernandez@upm.es

2025-10-22 15:35:16 [OK] Aplicada politica VoiceRoutingPolicy1 a blanca.fernandez@upm.es

2025-10-22 15:35:16 [OK] Aplicada politica CP-1 a blanca.fernandez@upm.es

2025-10-22 15:35:18 [OK] Aplicada politica Normal-UPM a irene.panea.rodriguez@upm.es

2025-10-22 15:35:20 [OK] Aplicada politica C3-Nacional-Móvil a irene.panea.rodriguez@upm.es

2025-10-22 15:35:21 [OK] Aplicada politica VoiceRoutingPolicy1 a irene.panea.rodriguez@upm.es

2025-10-22 15:35:21 [OK] Aplicada politica CP-1 a irene.panea.rodriguez@upm.es

2025-10-22 15:35:23 [OK] Aplicada politica Normal-UPM a irene.mrubio@upm.es

2025-10-22 15:35:24 [OK] Aplicada politica C3-Nacional-Móvil a irene.mrubio@upm.es

2025-10-22 15:35:26 [OK] Aplicada politica VoiceRoutingPolicy1 a irene.mrubio@upm.es

2025-10-22 15:35:26 [OK] Aplicada politica CP-1 a irene.mrubio@upm.es

2025-10-22 15:35:27 [OK] Aplicada politica Normal-UPM a thais.rangel@upm.es

2025-10-22 15:35:29 [OK] Aplicada politica C3-Nacional-Móvil a thais.rangel@upm.es

2025-10-22 15:35:30 [OK] Aplicada politica VoiceRoutingPolicy1 a thais.rangel@upm.es

2025-10-22 15:35:31 [OK] Aplicada politica CP-1 a thais.rangel@upm.es

2025-10-22 15:35:32 [OK] Aplicada politica Normal-UPM a antonio.sanchez@upm.es

2025-10-22 15:35:34 [OK] Aplicada politica C3-Nacional-Móvil a antonio.sanchez@upm.es

2025-10-22 15:35:35 [OK] Aplicada politica VoiceRoutingPolicy1 a antonio.sanchez@upm.es

2025-10-22 15:35:35 [OK] Aplicada politica CP-1 a antonio.sanchez@upm.es

2025-10-22 15:35:37 [OK] Aplicada politica Normal-UPM a gregorio.denche@upm.es

2025-10-22 15:35:39 [OK] Aplicada politica C3-Nacional-Móvil a gregorio.denche@upm.es

2025-10-22 15:35:40 [OK] Aplicada politica VoiceRoutingPolicy1 a gregorio.denche@upm.es

2025-10-22 15:35:40 [OK] Aplicada politica CP-1 a gregorio.denche@upm.es

2025-10-22 15:35:41 [OK] Aplicada politica Normal-UPM a jorge.moreno@upm.es

2025-10-22 15:35:42 [OK] Aplicada politica C3-Nacional-Móvil a jorge.moreno@upm.es

2025-10-22 15:35:43 [OK] Aplicada politica VoiceRoutingPolicy1 a jorge.moreno@upm.es

2025-10-22 15:35:43 [OK] Aplicada politica CP-1 a jorge.moreno@upm.es

2025-10-22 15:35:44 [OK] Aplicada politica Normal-UPM a julio.amador@upm.es

2025-10-22 15:35:46 [OK] Aplicada politica C3-Nacional-Móvil a julio.amador@upm.es

2025-10-22 15:35:47 [OK] Aplicada politica VoiceRoutingPolicy1 a julio.amador@upm.es

2025-10-22 15:35:48 [OK] Aplicada politica CP-1 a julio.amador@upm.es

2025-10-22 15:35:49 [OK] Aplicada politica Normal-UPM a h.zeaiter@upm.es

2025-10-22 15:35:50 [OK] Aplicada politica C3-Nacional-Móvil a h.zeaiter@upm.es

2025-10-22 15:35:51 [OK] Aplicada politica VoiceRoutingPolicy1 a h.zeaiter@upm.es

2025-10-22 15:35:52 [OK] Aplicada politica CP-1 a h.zeaiter@upm.es

2025-10-22 15:35:53 [OK] Aplicada politica Normal-UPM a sp.castano@upm.es

2025-10-22 15:35:54 [OK] Aplicada politica C3-Nacional-Móvil a sp.castano@upm.es

2025-10-22 15:35:55 [OK] Aplicada politica VoiceRoutingPolicy1 a sp.castano@upm.es

2025-10-22 15:35:56 [OK] Aplicada politica CP-1 a sp.castano@upm.es

2025-10-22 15:35:57 [OK] Aplicada politica Normal-UPM a oscar.mmozos@upm.es

2025-10-22 15:35:59 [OK] Aplicada politica C3-Nacional-Móvil a oscar.mmozos@upm.es

2025-10-22 15:36:00 [OK] Aplicada politica VoiceRoutingPolicy1 a oscar.mmozos@upm.es

2025-10-22 15:36:01 [OK] Aplicada politica CP-1 a oscar.mmozos@upm.es

2025-10-22 15:36:02 [OK] Aplicada politica Normal-UPM a fernando.garnacho@upm.es

2025-10-22 15:36:04 [OK] Aplicada politica C3-Nacional-Móvil a fernando.garnacho@upm.es

2025-10-22 15:36:05 [OK] Aplicada politica VoiceRoutingPolicy1 a fernando.garnacho@upm.es

2025-10-22 15:36:06 [OK] Aplicada politica CP-1 a fernando.garnacho@upm.es

2025-10-22 15:36:07 [OK] Aplicada politica Normal-UPM a daniel.gpuertas@upm.es

2025-10-22 15:36:08 [OK] Aplicada politica C3-Nacional-Móvil a daniel.gpuertas@upm.es

2025-10-22 15:36:10 [OK] Aplicada politica VoiceRoutingPolicy1 a daniel.gpuertas@upm.es

2025-10-22 15:36:10 [OK] Aplicada politica CP-1 a daniel.gpuertas@upm.es

2025-10-22 15:36:11 [OK] Aplicada politica Normal-UPM a t.adrada@upm.es

2025-10-22 15:36:13 [OK] Aplicada politica C3-Nacional-Móvil a t.adrada@upm.es

2025-10-22 15:36:14 [OK] Aplicada politica VoiceRoutingPolicy1 a t.adrada@upm.es

2025-10-22 15:36:16 [OK] Aplicada politica CP-1 a t.adrada@upm.es

2025-10-22 15:36:17 [OK] Aplicada politica Normal-UPM a miguelangel.sanchezuran@upm.es

2025-10-22 15:36:18 [OK] Aplicada politica C3-Nacional-Móvil a miguelangel.sanchezuran@upm.es

2025-10-22 15:36:18 [OK] Aplicada politica VoiceRoutingPolicy1 a miguelangel.sanchezuran@upm.es

2025-10-22 15:36:19 [OK] Aplicada politica CP-1 a miguelangel.sanchezuran@upm.es

2025-10-22 15:36:20 [OK] Aplicada politica Normal-UPM a ricardo.granizo@upm.es

2025-10-22 15:36:22 [OK] Aplicada politica C3-Nacional-Móvil a ricardo.granizo@upm.es

2025-10-22 15:36:23 [OK] Aplicada politica VoiceRoutingPolicy1 a ricardo.granizo@upm.es

2025-10-22 15:36:24 [OK] Aplicada politica CP-1 a ricardo.granizo@upm.es

2025-10-22 15:36:25 [OK] Aplicada politica Normal-UPM a fernando.poza.saura@upm.es

2025-10-22 15:36:25 [OK] Aplicada politica C3-Nacional-Móvil a fernando.poza.saura@upm.es

2025-10-22 15:36:26 [OK] Aplicada politica VoiceRoutingPolicy1 a fernando.poza.saura@upm.es

2025-10-22 15:36:27 [OK] Aplicada politica CP-1 a fernando.poza.saura@upm.es

2025-10-22 15:36:28 [OK] Aplicada politica Normal-UPM a luis.badesa@upm.es

2025-10-22 15:36:28 [OK] Aplicada politica C3-Nacional-Móvil a luis.badesa@upm.es

2025-10-22 15:36:29 [OK] Aplicada politica VoiceRoutingPolicy1 a luis.badesa@upm.es

2025-10-22 15:36:32 [OK] Aplicada politica CP-1 a luis.badesa@upm.es

2025-10-22 15:36:33 [OK] Aplicada politica Normal-UPM a carmelo.carrero@upm.es

2025-10-22 15:36:33 [OK] Aplicada politica C3-Nacional-Móvil a carmelo.carrero@upm.es

2025-10-22 15:36:34 [OK] Aplicada politica VoiceRoutingPolicy1 a carmelo.carrero@upm.es

2025-10-22 15:36:35 [OK] Aplicada politica CP-1 a carmelo.carrero@upm.es

2025-10-22 15:36:36 [OK] Aplicada politica Normal-UPM a n.dasilva@upm.es

2025-10-22 15:36:36 [OK] Aplicada politica C3-Nacional-Móvil a n.dasilva@upm.es

2025-10-22 15:36:37 [OK] Aplicada politica VoiceRoutingPolicy1 a n.dasilva@upm.es

2025-10-22 15:36:38 [OK] Aplicada politica CP-1 a n.dasilva@upm.es

2025-10-22 15:36:39 [OK] Aplicada politica Normal-UPM a oscar.perpinan@upm.es

2025-10-22 15:36:39 [OK] Aplicada politica C3-Nacional-Móvil a oscar.perpinan@upm.es

2025-10-22 15:36:40 [OK] Aplicada politica VoiceRoutingPolicy1 a oscar.perpinan@upm.es

2025-10-22 15:36:41 [OK] Aplicada politica CP-1 a oscar.perpinan@upm.es

2025-10-22 15:36:41 [OK] Aplicada politica Normal-UPM a alejandro.vinuelas@upm.es

2025-10-22 15:36:42 [OK] Aplicada politica C3-Nacional-Móvil a alejandro.vinuelas@upm.es

2025-10-22 15:36:43 [OK] Aplicada politica VoiceRoutingPolicy1 a alejandro.vinuelas@upm.es

2025-10-22 15:36:45 [OK] Aplicada politica CP-1 a alejandro.vinuelas@upm.es

2025-10-22 15:36:46 [OK] Aplicada politica Normal-UPM a eduardo.arcones@upm.es

2025-10-22 15:36:46 [OK] Aplicada politica C3-Nacional-Móvil a eduardo.arcones@upm.es

2025-10-22 15:36:47 [OK] Aplicada politica VoiceRoutingPolicy1 a eduardo.arcones@upm.es

2025-10-22 15:36:48 [OK] Aplicada politica CP-1 a eduardo.arcones@upm.es

2025-10-22 15:36:48 [OK] Aplicada politica Normal-UPM a carmen.heredia@upm.es

2025-10-22 15:36:49 [OK] Aplicada politica C3-Nacional-Móvil a carmen.heredia@upm.es

2025-10-22 15:36:50 [OK] Aplicada politica VoiceRoutingPolicy1 a carmen.heredia@upm.es

2025-10-22 15:36:51 [OK] Aplicada politica CP-1 a carmen.heredia@upm.es

2025-10-22 15:36:51 [OK] Aplicada politica Normal-UPM a javier.munoz@upm.es

2025-10-22 15:36:52 [OK] Aplicada politica C3-Nacional-Móvil a javier.munoz@upm.es

2025-10-22 15:36:53 [OK] Aplicada politica VoiceRoutingPolicy1 a javier.munoz@upm.es

2025-10-22 15:36:53 [OK] Aplicada politica CP-1 a javier.munoz@upm.es

2025-10-22 15:36:54 [OK] Aplicada politica Normal-UPM a cesar.dominguez@upm.es

2025-10-22 15:36:55 [OK] Aplicada politica C3-Nacional-Móvil a cesar.dominguez@upm.es

2025-10-22 15:36:55 [OK] Aplicada politica VoiceRoutingPolicy1 a cesar.dominguez@upm.es

2025-10-22 15:36:56 [OK] Aplicada politica CP-1 a cesar.dominguez@upm.es

2025-10-22 15:36:57 [OK] Aplicada politica Normal-UPM a p.garcia-linares@upm.es

2025-10-22 15:36:58 [OK] Aplicada politica C3-Nacional-Móvil a p.garcia-linares@upm.es

2025-10-22 15:36:58 [OK] Aplicada politica VoiceRoutingPolicy1 a p.garcia-linares@upm.es

2025-10-22 15:36:59 [OK] Aplicada politica CP-1 a p.garcia-linares@upm.es

2025-10-22 15:37:00 [OK] Aplicada politica Normal-UPM a roberto.gonzalez@upm.es

2025-10-22 15:37:00 [OK] Aplicada politica C3-Nacional-Móvil a roberto.gonzalez@upm.es

2025-10-22 15:37:01 [OK] Aplicada politica VoiceRoutingPolicy1 a roberto.gonzalez@upm.es

2025-10-22 15:37:02 [OK] Aplicada politica CP-1 a roberto.gonzalez@upm.es

2025-10-22 15:37:02 [OK] Aplicada politica Normal-UPM a miguel.hernando@upm.es

2025-10-22 15:37:03 [OK] Aplicada politica C3-Nacional-Móvil a miguel.hernando@upm.es

2025-10-22 15:37:04 [OK] Aplicada politica VoiceRoutingPolicy1 a miguel.hernando@upm.es

2025-10-22 15:37:05 [OK] Aplicada politica CP-1 a miguel.hernando@upm.es

2025-10-22 15:37:06 [OK] Aplicada politica Normal-UPM a luis.davila@upm.es

2025-10-22 15:37:07 [OK] Aplicada politica C3-Nacional-Móvil a luis.davila@upm.es

2025-10-22 15:37:07 [OK] Aplicada politica VoiceRoutingPolicy1 a luis.davila@upm.es

2025-10-22 15:37:08 [OK] Aplicada politica CP-1 a luis.davila@upm.es

2025-10-22 15:37:09 [OK] Aplicada politica Normal-UPM a pedroluis.castedo@upm.es

2025-10-22 15:37:10 [OK] Aplicada politica C3-Nacional-Móvil a pedroluis.castedo@upm.es

2025-10-22 15:37:11 [OK] Aplicada politica VoiceRoutingPolicy1 a pedroluis.castedo@upm.es

2025-10-22 15:37:13 [OK] Aplicada politica CP-1 a pedroluis.castedo@upm.es

2025-10-22 15:37:13 [OK] Aplicada politica Normal-UPM a pablo.sansegundo@upm.es

2025-10-22 15:37:14 [OK] Aplicada politica C3-Nacional-Móvil a pablo.sansegundo@upm.es

2025-10-22 15:37:15 [OK] Aplicada politica VoiceRoutingPolicy1 a pablo.sansegundo@upm.es

2025-10-22 15:37:17 [OK] Aplicada politica CP-1 a pablo.sansegundo@upm.es

2025-10-22 15:37:18 [OK] Aplicada politica Normal-UPM a oscar.casanova@upm.es

2025-10-22 15:37:19 [OK] Aplicada politica C3-Nacional-Móvil a oscar.casanova@upm.es

2025-10-22 15:37:19 [OK] Aplicada politica VoiceRoutingPolicy1 a oscar.casanova@upm.es

2025-10-22 15:37:21 [OK] Aplicada politica CP-1 a oscar.casanova@upm.es

2025-10-22 15:37:21 [OK] Aplicada politica Normal-UPM a rebeca.herrero@upm.es

2025-10-22 15:37:22 [OK] Aplicada politica C3-Nacional-Móvil a rebeca.herrero@upm.es

2025-10-22 15:37:22 [OK] Aplicada politica VoiceRoutingPolicy1 a rebeca.herrero@upm.es

2025-10-22 15:37:25 [OK] Aplicada politica CP-1 a rebeca.herrero@upm.es

2025-10-22 15:37:26 [OK] Aplicada politica Normal-UPM a hector.montes@upm.es

2025-10-22 15:37:26 [OK] Aplicada politica C3-Nacional-Móvil a hector.montes@upm.es

2025-10-22 15:37:27 [OK] Aplicada politica VoiceRoutingPolicy1 a hector.montes@upm.es

2025-10-22 15:37:29 [OK] Aplicada politica CP-1 a hector.montes@upm.es

2025-10-22 15:37:29 [OK] Aplicada politica Normal-UPM a javier.pgarcia@upm.es

2025-10-22 15:37:30 [OK] Aplicada politica C3-Nacional-Móvil a javier.pgarcia@upm.es

2025-10-22 15:37:31 [OK] Aplicada politica VoiceRoutingPolicy1 a javier.pgarcia@upm.es

2025-10-22 15:37:31 [OK] Aplicada politica CP-1 a javier.pgarcia@upm.es

2025-10-22 15:37:32 [OK] Aplicada politica Normal-UPM a pablo.quesada@upm.es

2025-10-22 15:37:33 [OK] Aplicada politica C3-Nacional-Móvil a pablo.quesada@upm.es

2025-10-22 15:37:33 [OK] Aplicada politica VoiceRoutingPolicy1 a pablo.quesada@upm.es

2025-10-22 15:37:34 [OK] Aplicada politica CP-1 a pablo.quesada@upm.es

2025-10-22 15:37:35 [OK] Aplicada politica Normal-UPM a luisjaime.caballero@upm.es

2025-10-22 15:37:35 [OK] Aplicada politica C3-Nacional-Móvil a luisjaime.caballero@upm.es

2025-10-22 15:37:36 [OK] Aplicada politica VoiceRoutingPolicy1 a luisjaime.caballero@upm.es

2025-10-22 15:37:37 [OK] Aplicada politica CP-1 a luisjaime.caballero@upm.es

2025-10-22 15:37:38 [OK] Aplicada politica Normal-UPM a elena.cerro@upm.es

2025-10-22 15:37:39 [OK] Aplicada politica C3-Nacional-Móvil a elena.cerro@upm.es

2025-10-22 15:37:39 [OK] Aplicada politica VoiceRoutingPolicy1 a elena.cerro@upm.es

2025-10-22 15:37:41 [OK] Aplicada politica CP-1 a elena.cerro@upm.es

2025-10-22 15:37:42 [OK] Aplicada politica Normal-UPM a mariaisabel.deandres@upm.es

2025-10-22 15:37:43 [OK] Aplicada politica C3-Nacional-Móvil a mariaisabel.deandres@upm.es

2025-10-22 15:37:44 [OK] Aplicada politica VoiceRoutingPolicy1 a mariaisabel.deandres@upm.es

2025-10-22 15:37:45 [OK] Aplicada politica CP-1 a mariaisabel.deandres@upm.es

2025-10-22 15:37:46 [OK] Aplicada politica Normal-UPM a alessandro.gallo@upm.es

2025-10-22 15:37:47 [OK] Aplicada politica C3-Nacional-Móvil a alessandro.gallo@upm.es

2025-10-22 15:37:48 [OK] Aplicada politica VoiceRoutingPolicy1 a alessandro.gallo@upm.es

2025-10-22 15:37:49 [OK] Aplicada politica CP-1 a alessandro.gallo@upm.es

2025-10-22 15:37:50 [OK] Aplicada politica Normal-UPM a juancarlos.bueno@upm.es

2025-10-22 15:37:51 [OK] Aplicada politica C3-Nacional-Móvil a juancarlos.bueno@upm.es

2025-10-22 15:37:52 [OK] Aplicada politica VoiceRoutingPolicy1 a juancarlos.bueno@upm.es

2025-10-22 15:37:53 [OK] Aplicada politica CP-1 a juancarlos.bueno@upm.es

2025-10-22 15:37:54 [OK] Aplicada politica Normal-UPM a alejandro.rivelles.garcia@upm.es

2025-10-22 15:37:55 [OK] Aplicada politica C3-Nacional-Móvil a alejandro.rivelles.garcia@upm.es

2025-10-22 15:37:56 [OK] Aplicada politica VoiceRoutingPolicy1 a alejandro.rivelles.garcia@upm.es

2025-10-22 15:37:58 [OK] Aplicada politica CP-1 a alejandro.rivelles.garcia@upm.es

2025-10-22 15:37:58 [OK] Aplicada politica Normal-UPM a roberto.cangas@upm.es

2025-10-22 15:37:59 [OK] Aplicada politica C3-Nacional-Móvil a roberto.cangas@upm.es

2025-10-22 15:38:00 [OK] Aplicada politica VoiceRoutingPolicy1 a roberto.cangas@upm.es

2025-10-22 15:38:01 [OK] Aplicada politica CP-1 a roberto.cangas@upm.es

2025-10-22 15:38:02 [OK] Aplicada politica Normal-UPM a eduardo.faleiro@upm.es

2025-10-22 15:38:03 [OK] Aplicada politica C3-Nacional-Móvil a eduardo.faleiro@upm.es

2025-10-22 15:38:03 [OK] Aplicada politica VoiceRoutingPolicy1 a eduardo.faleiro@upm.es

2025-10-22 15:38:06 [OK] Aplicada politica CP-1 a eduardo.faleiro@upm.es

2025-10-22 15:38:06 [OK] Aplicada politica Normal-UPM a amalia.fsaavedra@upm.es

2025-10-22 15:38:07 [OK] Aplicada politica C3-Nacional-Móvil a amalia.fsaavedra@upm.es

2025-10-22 15:38:08 [OK] Aplicada politica VoiceRoutingPolicy1 a amalia.fsaavedra@upm.es

2025-10-22 15:38:08 [OK] Aplicada politica CP-1 a amalia.fsaavedra@upm.es

2025-10-22 15:38:09 [OK] Aplicada politica Normal-UPM a jose.sanchezdelrio@upm.es

2025-10-22 15:38:10 [OK] Aplicada politica C3-Nacional-Móvil a jose.sanchezdelrio@upm.es

2025-10-22 15:38:10 [OK] Aplicada politica VoiceRoutingPolicy1 a jose.sanchezdelrio@upm.es

2025-10-22 15:38:12 [OK] Aplicada politica CP-1 a jose.sanchezdelrio@upm.es

2025-10-22 15:38:13 [OK] Aplicada politica Normal-UPM a alicia.palencia@upm.es

2025-10-22 15:38:14 [OK] Aplicada politica C3-Nacional-Móvil a alicia.palencia@upm.es

2025-10-22 15:38:14 [OK] Aplicada politica VoiceRoutingPolicy1 a alicia.palencia@upm.es

2025-10-22 15:38:15 [OK] Aplicada politica CP-1 a alicia.palencia@upm.es

2025-10-22 15:38:16 [OK] Aplicada politica Normal-UPM a cristina.mdiaz@upm.es

2025-10-22 15:38:17 [OK] Aplicada politica C3-Nacional-Móvil a cristina.mdiaz@upm.es

2025-10-22 15:38:17 [OK] Aplicada politica VoiceRoutingPolicy1 a cristina.mdiaz@upm.es

2025-10-22 15:38:18 [OK] Aplicada politica CP-1 a cristina.mdiaz@upm.es

2025-10-22 15:38:19 [OK] Aplicada politica Normal-UPM a alvaro.pisonero@upm.es

2025-10-22 15:38:19 [OK] Aplicada politica C3-Nacional-Móvil a alvaro.pisonero@upm.es

2025-10-22 15:38:20 [OK] Aplicada politica VoiceRoutingPolicy1 a alvaro.pisonero@upm.es

2025-10-22 15:38:21 [OK] Aplicada politica CP-1 a alvaro.pisonero@upm.es

2025-10-22 15:38:22 [OK] Aplicada politica Normal-UPM a ester.ruiz.morales@upm.es

2025-10-22 15:38:22 [OK] Aplicada politica C3-Nacional-Móvil a ester.ruiz.morales@upm.es

2025-10-22 15:38:23 [OK] Aplicada politica VoiceRoutingPolicy1 a ester.ruiz.morales@upm.es

2025-10-22 15:38:24 [OK] Aplicada politica CP-1 a ester.ruiz.morales@upm.es

2025-10-22 15:38:24 [OK] Aplicada politica Normal-UPM a a.allen-perkins@upm.es

2025-10-22 15:38:25 [OK] Aplicada politica C3-Nacional-Móvil a a.allen-perkins@upm.es

2025-10-22 15:38:26 [OK] Aplicada politica VoiceRoutingPolicy1 a a.allen-perkins@upm.es

2025-10-22 15:38:26 [OK] Aplicada politica CP-1 a a.allen-perkins@upm.es

2025-10-22 15:38:27 [OK] Aplicada politica Normal-UPM a jose.benavent@upm.es

2025-10-22 15:38:28 [OK] Aplicada politica C3-Nacional-Móvil a jose.benavent@upm.es

2025-10-22 15:38:29 [OK] Aplicada politica VoiceRoutingPolicy1 a jose.benavent@upm.es

2025-10-22 15:38:29 [OK] Aplicada politica CP-1 a jose.benavent@upm.es

2025-10-22 15:38:30 [OK] Aplicada politica Normal-UPM a carolina.hermida.merino@upm.es

2025-10-22 15:38:31 [OK] Aplicada politica C3-Nacional-Móvil a carolina.hermida.merino@upm.es

2025-10-22 15:38:32 [OK] Aplicada politica VoiceRoutingPolicy1 a carolina.hermida.merino@upm.es

2025-10-22 15:38:33 [OK] Aplicada politica CP-1 a carolina.hermida.merino@upm.es

2025-10-22 15:38:33 [OK] Aplicada politica Normal-UPM a a.mcardin@upm.es

2025-10-22 15:38:34 [OK] Aplicada politica C3-Nacional-Móvil a a.mcardin@upm.es

2025-10-22 15:38:35 [OK] Aplicada politica VoiceRoutingPolicy1 a a.mcardin@upm.es

2025-10-22 15:38:35 [OK] Aplicada politica CP-1 a a.mcardin@upm.es

2025-10-22 15:38:36 [OK] Aplicada politica Normal-UPM a cristina.alia@upm.es

2025-10-22 15:38:37 [OK] Aplicada politica C3-Nacional-Móvil a cristina.alia@upm.es

2025-10-22 15:38:38 [OK] Aplicada politica VoiceRoutingPolicy1 a cristina.alia@upm.es

2025-10-22 15:38:39 [OK] Aplicada politica CP-1 a cristina.alia@upm.es

2025-10-22 15:38:40 [OK] Aplicada politica Normal-UPM a alvaro.ramirez@upm.es

2025-10-22 15:38:42 [OK] Aplicada politica C3-Nacional-Móvil a alvaro.ramirez@upm.es

2025-10-22 15:38:42 [OK] Aplicada politica VoiceRoutingPolicy1 a alvaro.ramirez@upm.es

2025-10-22 15:38:43 [OK] Aplicada politica CP-1 a alvaro.ramirez@upm.es

2025-10-22 15:38:44 [OK] Aplicada politica Normal-UPM a josemanuel.arenas@upm.es

2025-10-22 15:38:44 [OK] Aplicada politica C3-Nacional-Móvil a josemanuel.arenas@upm.es

2025-10-22 15:38:45 [OK] Aplicada politica VoiceRoutingPolicy1 a josemanuel.arenas@upm.es

2025-10-22 15:38:46 [OK] Aplicada politica CP-1 a josemanuel.arenas@upm.es

2025-10-22 15:38:46 [OK] Aplicada politica Normal-UPM a jaime.aznar@upm.es

2025-10-22 15:38:47 [OK] Aplicada politica C3-Nacional-Móvil a jaime.aznar@upm.es

2025-10-22 15:38:48 [OK] Aplicada politica VoiceRoutingPolicy1 a jaime.aznar@upm.es

2025-10-22 15:38:49 [OK] Aplicada politica CP-1 a jaime.aznar@upm.es

2025-10-22 15:38:49 [OK] Aplicada politica Normal-UPM a rosa.ocana@upm.es

2025-10-22 15:38:50 [OK] Aplicada politica C3-Nacional-Móvil a rosa.ocana@upm.es

2025-10-22 15:38:51 [OK] Aplicada politica VoiceRoutingPolicy1 a rosa.ocana@upm.es

2025-10-22 15:38:51 [OK] Aplicada politica CP-1 a rosa.ocana@upm.es

2025-10-22 15:38:52 [OK] Aplicada politica Normal-UPM a felix.bendito@upm.es

2025-10-22 15:38:53 [OK] Aplicada politica C3-Nacional-Móvil a felix.bendito@upm.es

2025-10-22 15:38:53 [OK] Aplicada politica VoiceRoutingPolicy1 a felix.bendito@upm.es

2025-10-22 15:38:54 [OK] Aplicada politica CP-1 a felix.bendito@upm.es

2025-10-22 15:38:55 [OK] Aplicada politica Normal-UPM a fernando.blaya@upm.es

2025-10-22 15:38:55 [OK] Aplicada politica C3-Nacional-Móvil a fernando.blaya@upm.es

2025-10-22 15:38:56 [OK] Aplicada politica VoiceRoutingPolicy1 a fernando.blaya@upm.es

2025-10-22 15:38:57 [OK] Aplicada politica CP-1 a fernando.blaya@upm.es

2025-10-22 15:38:58 [OK] Aplicada politica Normal-UPM a pablo.bmarino@upm.es

2025-10-22 15:38:58 [OK] Aplicada politica C3-Nacional-Móvil a pablo.bmarino@upm.es

2025-10-22 15:38:59 [OK] Aplicada politica VoiceRoutingPolicy1 a pablo.bmarino@upm.es

2025-10-22 15:39:00 [OK] Aplicada politica CP-1 a pablo.bmarino@upm.es

2025-10-22 15:39:01 [OK] Aplicada politica Normal-UPM a juandavid.cano@upm.es

2025-10-22 15:39:01 [OK] Aplicada politica C3-Nacional-Móvil a juandavid.cano@upm.es

2025-10-22 15:39:02 [OK] Aplicada politica VoiceRoutingPolicy1 a juandavid.cano@upm.es

2025-10-22 15:39:03 [OK] Aplicada politica CP-1 a juandavid.cano@upm.es

2025-10-22 15:39:03 [OK] Aplicada politica Normal-UPM a raul.diazobregon@upm.es

2025-10-22 15:39:04 [OK] Aplicada politica C3-Nacional-Móvil a raul.diazobregon@upm.es

2025-10-22 15:39:05 [OK] Aplicada politica VoiceRoutingPolicy1 a raul.diazobregon@upm.es

2025-10-22 15:39:06 [OK] Aplicada politica CP-1 a raul.diazobregon@upm.es

2025-10-22 15:39:06 [OK] Aplicada politica Normal-UPM a manuel.islan.marcos@upm.es

2025-10-22 15:39:07 [OK] Aplicada politica C3-Nacional-Móvil a manuel.islan.marcos@upm.es

2025-10-22 15:39:08 [OK] Aplicada politica VoiceRoutingPolicy1 a manuel.islan.marcos@upm.es

2025-10-22 15:39:08 [OK] Aplicada politica CP-1 a manuel.islan.marcos@upm.es

2025-10-22 15:39:09 [OK] Aplicada politica Normal-UPM a mariadelmar.recio@upm.es

2025-10-22 15:39:10 [OK] Aplicada politica C3-Nacional-Móvil a mariadelmar.recio@upm.es

2025-10-22 15:39:11 [OK] Aplicada politica VoiceRoutingPolicy1 a mariadelmar.recio@upm.es

2025-10-22 15:39:11 [OK] Aplicada politica CP-1 a mariadelmar.recio@upm.es

2025-10-22 15:39:12 [OK] Aplicada politica Normal-UPM a r.damato@upm.es

2025-10-22 15:39:13 [OK] Aplicada politica C3-Nacional-Móvil a r.damato@upm.es

2025-10-22 15:39:13 [OK] Aplicada politica VoiceRoutingPolicy1 a r.damato@upm.es

2025-10-22 15:39:14 [OK] Aplicada politica CP-1 a r.damato@upm.es

2025-10-22 15:39:15 [OK] Aplicada politica Normal-UPM a adela.acitores@upm.es

2025-10-22 15:39:15 [OK] Aplicada politica C3-Nacional-Móvil a adela.acitores@upm.es

2025-10-22 15:39:16 [OK] Aplicada politica VoiceRoutingPolicy1 a adela.acitores@upm.es

2025-10-22 15:39:17 [OK] Aplicada politica CP-1 a adela.acitores@upm.es

2025-10-22 15:39:17 [OK] Aplicada politica Normal-UPM a sofia.sanchez@upm.es

2025-10-22 15:39:18 [OK] Aplicada politica C3-Nacional-Móvil a sofia.sanchez@upm.es

2025-10-22 15:39:19 [OK] Aplicada politica VoiceRoutingPolicy1 a sofia.sanchez@upm.es

2025-10-22 15:39:19 [OK] Aplicada politica CP-1 a sofia.sanchez@upm.es

2025-10-22 15:39:20 [OK] Aplicada politica Normal-UPM a sara.gomez@upm.es

2025-10-22 15:39:21 [OK] Aplicada politica C3-Nacional-Móvil a sara.gomez@upm.es

2025-10-22 15:39:21 [OK] Aplicada politica VoiceRoutingPolicy1 a sara.gomez@upm.es

2025-10-22 15:39:22 [OK] Aplicada politica CP-1 a sara.gomez@upm.es

2025-10-22 15:39:23 [OK] Aplicada politica Normal-UPM a rafael.gomezr@upm.es

2025-10-22 15:39:23 [OK] Aplicada politica C3-Nacional-Móvil a rafael.gomezr@upm.es

2025-10-22 15:39:24 [OK] Aplicada politica VoiceRoutingPolicy1 a rafael.gomezr@upm.es

2025-10-22 15:39:25 [OK] Aplicada politica CP-1 a rafael.gomezr@upm.es

2025-10-22 15:39:26 [OK] Aplicada politica Normal-UPM a miguel.baquero.arenal@upm.es

2025-10-22 15:39:26 [OK] Aplicada politica C3-Nacional-Móvil a miguel.baquero.arenal@upm.es

2025-10-22 15:39:27 [OK] Aplicada politica VoiceRoutingPolicy1 a miguel.baquero.arenal@upm.es

2025-10-22 15:39:27 [OK] Aplicada politica CP-1 a miguel.baquero.arenal@upm.es

2025-10-22 15:39:28 [OK] Aplicada politica Normal-UPM a j.pecharroman@upm.es

2025-10-22 15:39:29 [OK] Aplicada politica C3-Nacional-Móvil a j.pecharroman@upm.es

2025-10-22 15:39:30 [OK] Aplicada politica VoiceRoutingPolicy1 a j.pecharroman@upm.es

2025-10-22 15:39:30 [OK] Aplicada politica CP-1 a j.pecharroman@upm.es

2025-10-22 15:39:31 [OK] Aplicada politica Normal-UPM a alberto.sanchidrian@upm.es

2025-10-22 15:39:32 [OK] Aplicada politica C3-Nacional-Móvil a alberto.sanchidrian@upm.es

2025-10-22 15:39:33 [OK] Aplicada politica VoiceRoutingPolicy1 a alberto.sanchidrian@upm.es

2025-10-22 15:39:33 [OK] Aplicada politica CP-1 a alberto.sanchidrian@upm.es

2025-10-22 15:39:34 [OK] Aplicada politica Normal-UPM a joseantonio.lozano@upm.es

2025-10-22 15:39:35 [OK] Aplicada politica C3-Nacional-Móvil a joseantonio.lozano@upm.es

2025-10-22 15:39:35 [OK] Aplicada politica VoiceRoutingPolicy1 a joseantonio.lozano@upm.es

2025-10-22 15:39:36 [OK] Aplicada politica CP-1 a joseantonio.lozano@upm.es

2025-10-22 15:39:37 [OK] Aplicada politica Normal-UPM a juanmanuel.rodriguez@upm.es

2025-10-22 15:39:38 [OK] Aplicada politica C3-Nacional-Móvil a juanmanuel.rodriguez@upm.es

2025-10-22 15:39:38 [OK] Aplicada politica VoiceRoutingPolicy1 a juanmanuel.rodriguez@upm.es

2025-10-22 15:39:39 [OK] Aplicada politica CP-1 a juanmanuel.rodriguez@upm.es

2025-10-22 15:39:40 [OK] Aplicada politica Normal-UPM a yolandasofia.doce@upm.es

2025-10-22 15:39:41 [OK] Aplicada politica C3-Nacional-Móvil a yolandasofia.doce@upm.es

2025-10-22 15:39:41 [OK] Aplicada politica VoiceRoutingPolicy1 a yolandasofia.doce@upm.es

2025-10-22 15:39:42 [OK] Aplicada politica CP-1 a yolandasofia.doce@upm.es

2025-10-22 15:39:43 [OK] Aplicada politica Normal-UPM a f.cruz@upm.es

2025-10-22 15:39:44 [OK] Aplicada politica C3-Nacional-Móvil a f.cruz@upm.es

2025-10-22 15:39:45 [OK] Aplicada politica VoiceRoutingPolicy1 a f.cruz@upm.es

2025-10-22 15:39:46 [OK] Aplicada politica CP-1 a f.cruz@upm.es

2025-10-22 15:39:47 [OK] Aplicada politica Normal-UPM a carmen.martineza@upm.es

2025-10-22 15:39:48 [OK] Aplicada politica C3-Nacional-Móvil a carmen.martineza@upm.es

2025-10-22 15:39:49 [OK] Aplicada politica VoiceRoutingPolicy1 a carmen.martineza@upm.es

2025-10-22 15:39:50 [OK] Aplicada politica CP-1 a carmen.martineza@upm.es

2025-10-22 15:39:51 [OK] Aplicada politica Normal-UPM a mathieu.legrand@upm.es

2025-10-22 15:39:52 [OK] Aplicada politica C3-Nacional-Móvil a mathieu.legrand@upm.es

2025-10-22 15:39:53 [OK] Aplicada politica VoiceRoutingPolicy1 a mathieu.legrand@upm.es

2025-10-22 15:39:54 [OK] Aplicada politica CP-1 a mathieu.legrand@upm.es

2025-10-22 15:39:55 [OK] Aplicada politica Normal-UPM a lm.rodriguez@upm.es

2025-10-22 15:39:56 [OK] Aplicada politica C3-Nacional-Móvil a lm.rodriguez@upm.es

2025-10-22 15:39:57 [OK] Aplicada politica VoiceRoutingPolicy1 a lm.rodriguez@upm.es

2025-10-22 15:39:58 [OK] Aplicada politica CP-1 a lm.rodriguez@upm.es

2025-10-22 15:39:58 [OK] Aplicada politica Normal-UPM a pedro.armisen@upm.es

2025-10-22 15:39:59 [OK] Aplicada politica C3-Nacional-Móvil a pedro.armisen@upm.es

2025-10-22 15:40:00 [OK] Aplicada politica VoiceRoutingPolicy1 a pedro.armisen@upm.es

2025-10-22 15:40:01 [OK] Aplicada politica CP-1 a pedro.armisen@upm.es

2025-10-22 15:40:02 [OK] Aplicada politica Normal-UPM a jesus.caja@upm.es

2025-10-22 15:40:03 [OK] Aplicada politica C3-Nacional-Móvil a jesus.caja@upm.es

2025-10-22 15:40:04 [OK] Aplicada politica VoiceRoutingPolicy1 a jesus.caja@upm.es

2025-10-22 15:40:04 [OK] Aplicada politica CP-1 a jesus.caja@upm.es

2025-10-22 15:40:06 [OK] Aplicada politica Normal-UPM a roque.calvo@upm.es

2025-10-22 15:40:06 [OK] Aplicada politica C3-Nacional-Móvil a roque.calvo@upm.es

2025-10-22 15:40:07 [OK] Aplicada politica VoiceRoutingPolicy1 a roque.calvo@upm.es

2025-10-22 15:40:09 [OK] Aplicada politica CP-1 a roque.calvo@upm.es

2025-10-22 15:40:10 [OK] Aplicada politica Normal-UPM a emilio.gomez@upm.es

2025-10-22 15:40:11 [OK] Aplicada politica C3-Nacional-Móvil a emilio.gomez@upm.es

2025-10-22 15:40:12 [OK] Aplicada politica VoiceRoutingPolicy1 a emilio.gomez@upm.es

2025-10-22 15:40:13 [OK] Aplicada politica CP-1 a emilio.gomez@upm.es

2025-10-22 15:40:14 [OK] Aplicada politica Normal-UPM a piera.maresca@upm.es

2025-10-22 15:40:15 [OK] Aplicada politica C3-Nacional-Móvil a piera.maresca@upm.es

2025-10-22 15:40:16 [OK] Aplicada politica VoiceRoutingPolicy1 a piera.maresca@upm.es

2025-10-22 15:40:17 [OK] Aplicada politica CP-1 a piera.maresca@upm.es

2025-10-22 15:40:18 [OK] Aplicada politica Normal-UPM a raul.gomez@upm.es

2025-10-22 15:40:19 [OK] Aplicada politica C3-Nacional-Móvil a raul.gomez@upm.es

2025-10-22 15:40:20 [OK] Aplicada politica VoiceRoutingPolicy1 a raul.gomez@upm.es

2025-10-22 15:40:22 [OK] Aplicada politica CP-1 a raul.gomez@upm.es

2025-10-22 15:40:23 [OK] Aplicada politica Normal-UPM a betxu.santamaria@upm.es

2025-10-22 15:40:24 [OK] Aplicada politica C3-Nacional-Móvil a betxu.santamaria@upm.es

2025-10-22 15:40:25 [OK] Aplicada politica VoiceRoutingPolicy1 a betxu.santamaria@upm.es

2025-10-22 15:40:27 [OK] Aplicada politica CP-1 a betxu.santamaria@upm.es

2025-10-22 15:40:27 [OK] Aplicada politica Normal-UPM a rafaelmanuel.perez@upm.es

2025-10-22 15:40:29 [OK] Aplicada politica C3-Nacional-Móvil a rafaelmanuel.perez@upm.es

2025-10-22 15:40:30 [OK] Aplicada politica VoiceRoutingPolicy1 a rafaelmanuel.perez@upm.es

2025-10-22 15:40:30 [OK] Aplicada politica CP-1 a rafaelmanuel.perez@upm.es

2025-10-22 15:40:31 [OK] Aplicada politica Normal-UPM a maribel.casasola@upm.es

2025-10-22 15:40:32 [OK] Aplicada politica C3-Nacional-Móvil a maribel.casasola@upm.es

2025-10-22 15:40:33 [OK] Aplicada politica VoiceRoutingPolicy1 a maribel.casasola@upm.es

2025-10-22 15:40:35 [OK] Aplicada politica CP-1 a maribel.casasola@upm.es

2025-10-22 15:40:36 [OK] Aplicada politica Normal-UPM a javier.albeniz@upm.es

2025-10-22 15:40:37 [OK] Aplicada politica C3-Nacional-Móvil a javier.albeniz@upm.es

2025-10-22 15:40:38 [OK] Aplicada politica VoiceRoutingPolicy1 a javier.albeniz@upm.es

2025-10-22 15:40:41 [OK] Aplicada politica CP-1 a javier.albeniz@upm.es

2025-10-22 15:40:42 [OK] Aplicada politica Normal-UPM a n.merayo@upm.es

2025-10-22 15:40:43 [OK] Aplicada politica C3-Nacional-Móvil a n.merayo@upm.es

2025-10-22 15:40:44 [OK] Aplicada politica VoiceRoutingPolicy1 a n.merayo@upm.es

2025-10-22 15:40:45 [OK] Aplicada politica CP-1 a n.merayo@upm.es

2025-10-22 15:40:46 [OK] Aplicada politica Normal-UPM a santosrafael.cantero@upm.es

2025-10-22 15:40:47 [OK] Aplicada politica C3-Nacional-Móvil a santosrafael.cantero@upm.es

2025-10-22 15:40:49 [OK] Aplicada politica VoiceRoutingPolicy1 a santosrafael.cantero@upm.es

2025-10-22 15:40:49 [OK] Aplicada politica CP-1 a santosrafael.cantero@upm.es

2025-10-22 15:40:51 [OK] Aplicada politica Normal-UPM a eugenia.vargas@upm.es

2025-10-22 15:40:53 [OK] Aplicada politica C3-Nacional-Móvil a eugenia.vargas@upm.es

2025-10-22 15:40:54 [OK] Aplicada politica VoiceRoutingPolicy1 a eugenia.vargas@upm.es

2025-10-22 15:40:55 [OK] Aplicada politica CP-1 a eugenia.vargas@upm.es

2025-10-22 15:40:57 [OK] Aplicada politica Normal-UPM a m.ruizsantaquiteria@upm.es

2025-10-22 15:40:58 [OK] Aplicada politica C3-Nacional-Móvil a m.ruizsantaquiteria@upm.es

2025-10-22 15:40:59 [OK] Aplicada politica VoiceRoutingPolicy1 a m.ruizsantaquiteria@upm.es

2025-10-22 15:41:00 [OK] Aplicada politica CP-1 a m.ruizsantaquiteria@upm.es

2025-10-22 15:41:01 [OK] Aplicada politica Normal-UPM a jp.tafur@upm.es

2025-10-22 15:41:02 [OK] Aplicada politica C3-Nacional-Móvil a jp.tafur@upm.es

2025-10-22 15:41:03 [OK] Aplicada politica VoiceRoutingPolicy1 a jp.tafur@upm.es

2025-10-22 15:41:05 [OK] Aplicada politica CP-1 a jp.tafur@upm.es

2025-10-22 15:41:06 [OK] Aplicada politica Normal-UPM a evangelina.atanes@upm.es

2025-10-22 15:41:07 [OK] Aplicada politica C3-Nacional-Móvil a evangelina.atanes@upm.es

2025-10-22 15:41:08 [OK] Aplicada politica VoiceRoutingPolicy1 a evangelina.atanes@upm.es

2025-10-22 15:41:11 [OK] Aplicada politica CP-1 a evangelina.atanes@upm.es

2025-10-22 15:41:12 [OK] Aplicada politica Normal-UPM a francisco.fernandezm@upm.es

2025-10-22 15:41:13 [OK] Aplicada politica C3-Nacional-Móvil a francisco.fernandezm@upm.es

2025-10-22 15:41:14 [OK] Aplicada politica VoiceRoutingPolicy1 a francisco.fernandezm@upm.es

2025-10-22 15:41:16 [OK] Aplicada politica CP-1 a francisco.fernandezm@upm.es

2025-10-22 15:41:18 [OK] Aplicada politica Normal-UPM a lucia.isidoro@upm.es

2025-10-22 15:41:19 [OK] Aplicada politica C3-Nacional-Móvil a lucia.isidoro@upm.es

2025-10-22 15:41:19 [OK] Aplicada politica VoiceRoutingPolicy1 a lucia.isidoro@upm.es

2025-10-22 15:41:20 [OK] Aplicada politica CP-1 a lucia.isidoro@upm.es

2025-10-22 15:41:21 [OK] Aplicada politica Normal-UPM a antonio.nieto@upm.es

2025-10-22 15:41:21 [OK] Aplicada politica C3-Nacional-Móvil a antonio.nieto@upm.es

2025-10-22 15:41:22 [OK] Aplicada politica VoiceRoutingPolicy1 a antonio.nieto@upm.es

2025-10-22 15:41:23 [OK] Aplicada politica CP-1 a antonio.nieto@upm.es

2025-10-22 15:41:23 [OK] Aplicada politica Normal-UPM a david.gcasillas@upm.es

2025-10-22 15:41:24 [OK] Aplicada politica C3-Nacional-Móvil a david.gcasillas@upm.es

2025-10-22 15:41:25 [OK] Aplicada politica VoiceRoutingPolicy1 a david.gcasillas@upm.es

2025-10-22 15:41:25 [OK] Aplicada politica CP-1 a david.gcasillas@upm.es

2025-10-22 15:41:26 [OK] Aplicada politica Normal-UPM a vanessa.ripoll@upm.es

2025-10-22 15:41:27 [OK] Aplicada politica C3-Nacional-Móvil a vanessa.ripoll@upm.es

2025-10-22 15:41:28 [OK] Aplicada politica VoiceRoutingPolicy1 a vanessa.ripoll@upm.es

2025-10-22 15:41:29 [OK] Aplicada politica CP-1 a vanessa.ripoll@upm.es

2025-10-22 15:41:30 [OK] Aplicada politica Normal-UPM a jose.dlopez@upm.es

2025-10-22 15:41:31 [OK] Aplicada politica C3-Nacional-Móvil a jose.dlopez@upm.es

2025-10-22 15:41:31 [OK] Aplicada politica VoiceRoutingPolicy1 a jose.dlopez@upm.es

2025-10-22 15:41:33 [OK] Aplicada politica CP-1 a jose.dlopez@upm.es

2025-10-22 15:41:34 [OK] Aplicada politica Normal-UPM a mariajose.martindevidales@upm.es

2025-10-22 15:41:34 [OK] Aplicada politica C3-Nacional-Móvil a mariajose.martindevidales@upm.es

2025-10-22 15:41:35 [OK] Aplicada politica VoiceRoutingPolicy1 a mariajose.martindevidales@upm.es

2025-10-22 15:41:37 [OK] Aplicada politica CP-1 a mariajose.martindevidales@upm.es

2025-10-22 15:41:38 [OK] Aplicada politica Normal-UPM a angel.caravaca@upm.es

2025-10-22 15:41:39 [OK] Aplicada politica C3-Nacional-Móvil a angel.caravaca@upm.es

2025-10-22 15:41:39 [OK] Aplicada politica VoiceRoutingPolicy1 a angel.caravaca@upm.es

2025-10-22 15:41:41 [OK] Aplicada politica CP-1 a angel.caravaca@upm.es

2025-10-22 15:41:43 [OK] Aplicada politica Normal-UPM a andres.glezglez@upm.es

2025-10-22 15:41:44 [OK] Aplicada politica C3-Nacional-Móvil a andres.glezglez@upm.es

2025-10-22 15:41:45 [OK] Aplicada politica VoiceRoutingPolicy1 a andres.glezglez@upm.es

2025-10-22 15:41:46 [OK] Aplicada politica CP-1 a andres.glezglez@upm.es

2025-10-22 15:41:47 [OK] Aplicada politica Normal-UPM a carmen.fonseca@upm.es

2025-10-22 15:41:47 [OK] Aplicada politica C3-Nacional-Móvil a carmen.fonseca@upm.es

2025-10-22 15:41:48 [OK] Aplicada politica VoiceRoutingPolicy1 a carmen.fonseca@upm.es

2025-10-22 15:41:50 [OK] Aplicada politica CP-1 a carmen.fonseca@upm.es

2025-10-22 15:41:51 [OK] Aplicada politica Normal-UPM a almudena.ochoa@upm.es

2025-10-22 15:41:52 [OK] Aplicada politica C3-Nacional-Móvil a almudena.ochoa@upm.es

2025-10-22 15:41:52 [OK] Aplicada politica VoiceRoutingPolicy1 a almudena.ochoa@upm.es

2025-10-22 15:41:54 [OK] Aplicada politica CP-1 a almudena.ochoa@upm.es

2025-10-22 15:41:55 [OK] Aplicada politica Normal-UPM a t.aguinaco@upm.es

2025-10-22 15:41:56 [OK] Aplicada politica C3-Nacional-Móvil a t.aguinaco@upm.es

2025-10-22 15:41:56 [OK] Aplicada politica VoiceRoutingPolicy1 a t.aguinaco@upm.es

2025-10-22 15:42:02 [OK] Aplicada politica CP-1 a t.aguinaco@upm.es

2025-10-22 15:42:02 [OK] Aplicada politica Normal-UPM a francisco.cabello@upm.es

2025-10-22 15:42:03 [OK] Aplicada politica C3-Nacional-Móvil a francisco.cabello@upm.es

2025-10-22 15:42:03 [OK] Aplicada politica VoiceRoutingPolicy1 a francisco.cabello@upm.es

2025-10-22 15:42:05 [OK] Aplicada politica CP-1 a francisco.cabello@upm.es

2025-10-22 15:42:06 [OK] Aplicada politica Normal-UPM a carmen.sguinda@upm.es

2025-10-22 15:42:06 [OK] Aplicada politica C3-Nacional-Móvil a carmen.sguinda@upm.es

2025-10-22 15:42:08 [OK] Aplicada politica VoiceRoutingPolicy1 a carmen.sguinda@upm.es

2025-10-22 15:42:09 [OK] Aplicada politica CP-1 a carmen.sguinda@upm.es

2025-10-22 15:42:10 [OK] Aplicada politica Normal-UPM a javier.herraez@upm.es

2025-10-22 15:42:11 [OK] Aplicada politica C3-Nacional-Móvil a javier.herraez@upm.es

2025-10-22 15:42:12 [OK] Aplicada politica VoiceRoutingPolicy1 a javier.herraez@upm.es

2025-10-22 15:42:14 [OK] Aplicada politica CP-1 a javier.herraez@upm.es

2025-10-22 15:42:15 [OK] Aplicada politica Normal-UPM a lola.alvarez@upm.es

2025-10-22 15:42:15 [OK] Aplicada politica C3-Nacional-Móvil a lola.alvarez@upm.es

2025-10-22 15:42:16 [OK] Aplicada politica VoiceRoutingPolicy1 a lola.alvarez@upm.es

2025-10-22 15:42:18 [OK] Aplicada politica CP-1 a lola.alvarez@upm.es

2025-10-22 15:42:19 [OK] Aplicada politica Normal-UPM a juancarlos.sampedro@upm.es

2025-10-22 15:42:19 [OK] Aplicada politica C3-Nacional-Móvil a juancarlos.sampedro@upm.es

2025-10-22 15:42:20 [OK] Aplicada politica VoiceRoutingPolicy1 a juancarlos.sampedro@upm.es

2025-10-22 15:42:21 [OK] Aplicada politica CP-1 a juancarlos.sampedro@upm.es

2025-10-22 15:42:22 [OK] Aplicada politica Normal-UPM a gabriel.asensio@upm.es

2025-10-22 15:42:23 [OK] Aplicada politica C3-Nacional-Móvil a gabriel.asensio@upm.es

2025-10-22 15:42:24 [OK] Aplicada politica VoiceRoutingPolicy1 a gabriel.asensio@upm.es

2025-10-22 15:42:26 [OK] Aplicada politica CP-1 a gabriel.asensio@upm.es

2025-10-22 15:42:27 [OK] Aplicada politica Normal-UPM a dl.rodriguez.vidanes@upm.es

2025-10-22 15:42:28 [OK] Aplicada politica C3-Nacional-Móvil a dl.rodriguez.vidanes@upm.es

2025-10-22 15:42:29 [OK] Aplicada politica VoiceRoutingPolicy1 a dl.rodriguez.vidanes@upm.es

2025-10-22 15:42:31 [OK] Aplicada politica CP-1 a dl.rodriguez.vidanes@upm.es

2025-10-22 15:42:32 [OK] Aplicada politica Normal-UPM a helena.cobo@upm.es

2025-10-22 15:42:33 [OK] Aplicada politica C3-Nacional-Móvil a helena.cobo@upm.es

2025-10-22 15:42:34 [OK] Aplicada politica VoiceRoutingPolicy1 a helena.cobo@upm.es

2025-10-22 15:42:55 [OK] Aplicada politica CP-1 a helena.cobo@upm.es

2025-10-22 15:42:56 [OK] Aplicada politica Normal-UPM a carmen.garciamiguel@upm.es

2025-10-22 15:42:57 [OK] Aplicada politica C3-Nacional-Móvil a carmen.garciamiguel@upm.es

2025-10-22 15:42:57 [OK] Aplicada politica VoiceRoutingPolicy1 a carmen.garciamiguel@upm.es

2025-10-22 15:43:00 [OK] Aplicada politica CP-1 a carmen.garciamiguel@upm.es

2025-10-22 15:43:00 [OK] Aplicada politica Normal-UPM a pedro.gmanchon@upm.es

2025-10-22 15:43:01 [OK] Aplicada politica C3-Nacional-Móvil a pedro.gmanchon@upm.es

2025-10-22 15:43:01 [OK] Aplicada politica VoiceRoutingPolicy1 a pedro.gmanchon@upm.es

2025-10-22 15:43:03 [OK] Aplicada politica CP-1 a pedro.gmanchon@upm.es

2025-10-22 15:43:04 [OK] Aplicada politica Normal-UPM a maria.lopez@upm.es

2025-10-22 15:43:04 [OK] Aplicada politica C3-Nacional-Móvil a maria.lopez@upm.es

2025-10-22 15:43:05 [OK] Aplicada politica VoiceRoutingPolicy1 a maria.lopez@upm.es

2025-10-22 15:43:06 [OK] Aplicada politica CP-1 a maria.lopez@upm.es

2025-10-22 15:43:07 [OK] Aplicada politica Normal-UPM a mariajose.moscoso@upm.es

2025-10-22 15:43:08 [OK] Aplicada politica C3-Nacional-Móvil a mariajose.moscoso@upm.es

2025-10-22 15:43:08 [OK] Aplicada politica VoiceRoutingPolicy1 a mariajose.moscoso@upm.es

2025-10-22 15:43:09 [OK] Aplicada politica CP-1 a mariajose.moscoso@upm.es

2025-10-22 15:43:10 [OK] Aplicada politica Normal-UPM a fuensanta.delapiedra@upm.es

2025-10-22 15:43:11 [OK] Aplicada politica C3-Nacional-Móvil a fuensanta.delapiedra@upm.es

2025-10-22 15:43:11 [OK] Aplicada politica VoiceRoutingPolicy1 a fuensanta.delapiedra@upm.es

2025-10-22 15:43:12 [OK] Aplicada politica CP-1 a fuensanta.delapiedra@upm.es

2025-10-22 15:43:13 [OK] Aplicada politica Normal-UPM a benjamin.bode@upm.es

2025-10-22 15:43:14 [OK] Aplicada politica C3-Nacional-Móvil a benjamin.bode@upm.es

2025-10-22 15:43:14 [OK] Aplicada politica VoiceRoutingPolicy1 a benjamin.bode@upm.es

2025-10-22 15:43:16 [OK] Aplicada politica CP-1 a benjamin.bode@upm.es

2025-10-22 15:43:17 [OK] Aplicada politica Normal-UPM a javier.sanguino@upm.es

2025-10-22 15:43:17 [OK] Aplicada politica C3-Nacional-Móvil a javier.sanguino@upm.es

2025-10-22 15:43:18 [OK] Aplicada politica VoiceRoutingPolicy1 a javier.sanguino@upm.es

2025-10-22 15:43:20 [OK] Aplicada politica CP-1 a javier.sanguino@upm.es

2025-10-22 15:43:21 [OK] Aplicada politica Normal-UPM a j.garces@upm.es

2025-10-22 15:43:21 [OK] Aplicada politica C3-Nacional-Móvil a j.garces@upm.es

2025-10-22 15:43:22 [OK] Aplicada politica VoiceRoutingPolicy1 a j.garces@upm.es

2025-10-22 15:43:24 [OK] Aplicada politica CP-1 a j.garces@upm.es

2025-10-22 15:43:24 [OK] Aplicada politica Normal-UPM a dolores.sotelo@upm.es

2025-10-22 15:43:25 [OK] Aplicada politica C3-Nacional-Móvil a dolores.sotelo@upm.es

2025-10-22 15:43:26 [OK] Aplicada politica VoiceRoutingPolicy1 a dolores.sotelo@upm.es

2025-10-22 15:43:27 [OK] Aplicada politica CP-1 a dolores.sotelo@upm.es

2025-10-22 15:43:28 [OK] Aplicada politica Normal-UPM a mercedes.bermejo@upm.es

2025-10-22 15:43:28 [OK] Aplicada politica C3-Nacional-Móvil a mercedes.bermejo@upm.es

2025-10-22 15:43:29 [OK] Aplicada politica VoiceRoutingPolicy1 a mercedes.bermejo@upm.es

2025-10-22 15:43:30 [OK] Aplicada politica CP-1 a mercedes.bermejo@upm.es

2025-10-22 15:43:31 [OK] Aplicada politica Normal-UPM a andrea.tellini@upm.es

2025-10-22 15:43:31 [OK] Aplicada politica C3-Nacional-Móvil a andrea.tellini@upm.es

2025-10-22 15:43:32 [OK] Aplicada politica VoiceRoutingPolicy1 a andrea.tellini@upm.es

2025-10-22 15:43:33 [OK] Aplicada politica CP-1 a andrea.tellini@upm.es

2025-10-22 15:43:33 [OK] Tiempo total de ejecución: 531.5395409 segundos

